<?xml version="1.0" encoding="UTF-8"?>
<testng-results skipped="0" failed="0" ignored="0" total="1" passed="1">
  <reporter-output>
  </reporter-output>
  <suite name="Default suite" duration-ms="29937" started-at="2019-04-15T06:33:13Z" finished-at="2019-04-15T06:33:43Z">
    <groups>
    </groups>
    <test name="Default test" duration-ms="29937" started-at="2019-04-15T06:33:13Z" finished-at="2019-04-15T06:33:43Z">
      <class name="academy.mainrun">
        <test-method status="PASS" signature="myrunner()[pri:0, instance:academy.mainrun@f6c48ac]" name="myrunner" duration-ms="29908" started-at="2019-04-15T06:33:13Z" finished-at="2019-04-15T06:33:43Z">
          <reporter-output>
          </reporter-output>
        </test-method> <!-- myrunner -->
      </class> <!-- academy.mainrun -->
    </test> <!-- Default test -->
  </suite> <!-- Default suite -->
</testng-results>
